<?xml version="1.0" encoding="UTF-8"?>
<!-- Generated by org.testng.reporters.JUnitReportReporter -->
<testsuite hostname="Ahamed" name="com.firstselenium.testcases.GoogleImages" tests="2" failures="0" timestamp="28 Oct 2016 09:29:52 GMT" time="12.836" errors="0">
  <testcase name="launchURL" time="11.838" classname="com.firstselenium.testcases.GoogleImages"/>
  <testcase name="search" time="0.998" classname="com.firstselenium.testcases.GoogleImages"/>
</testsuite> <!-- com.firstselenium.testcases.GoogleImages -->
