<?xml version="1.0" encoding="UTF-8"?>
<!-- Generated by org.testng.reporters.JUnitReportReporter -->
<testsuite hostname="Ahamed" name="com.appium.ahamed.StartChrome" tests="1" failures="0" timestamp="26 Feb 2017 12:33:10 GMT" time="38.473" errors="0">
  <testcase name="test1" time="38.473" classname="com.appium.ahamed.StartChrome"/>
</testsuite> <!-- com.appium.ahamed.StartChrome -->
