<?xml version="1.0" encoding="UTF-8"?>
<!-- Generated by org.testng.reporters.JUnitReportReporter -->
<testsuite hostname="Ahamed" name="com.firstselenium.testcases.GoogleSignin" tests="1" failures="0" timestamp="14 Jan 2017 09:31:02 GMT" time="17.627" errors="0">
  <testcase name="f" time="17.627" classname="com.firstselenium.testcases.GoogleSignin"/>
</testsuite> <!-- com.firstselenium.testcases.GoogleSignin -->
