<?xml version="1.0" encoding="UTF-8"?>
<!-- Generated by org.testng.reporters.JUnitReportReporter -->
<testsuite hostname="Ahamed" name="com.firstselenium.testcases.UseExistingPage" tests="1" failures="0" timestamp="28 Oct 2016 09:27:14 GMT" time="0.028" errors="0">
  <testcase name="connectToExisting" time="0.028" classname="com.firstselenium.testcases.UseExistingPage"/>
</testsuite> <!-- com.firstselenium.testcases.UseExistingPage -->
